<?xml version="1.0" encoding="UTF-8"?>
<testsuite name="controller.command.CreateShapeCommandTest" tests="3" skipped="0" failures="0" errors="0" timestamp="2021-11-17T02:56:49" hostname="Joels-MacBook-Pro.local" time="0.106">
  <properties/>
  <testcase name="Executing undo should remove from the picture" classname="controller.command.CreateShapeCommandTest" time="0.089"/>
  <testcase name="Executing redo should return the element to the Picture" classname="controller.command.CreateShapeCommandTest" time="0.001"/>
  <testcase name="Running CreateShapeCommand should add an element to the picture" classname="controller.command.CreateShapeCommandTest" time="0.011"/>
  <system-out><![CDATA[]]></system-out>
  <system-err><![CDATA[]]></system-err>
</testsuite>
